<?xml version="1.0" encoding="UTF-8"?>
<!-- Generated by org.testng.reporters.JUnitXMLReporter -->
<testsuite ignored="2" hostname="DESKTOP-GGALNV8" failures="0" tests="0" name="Default test" time="22.959" errors="0" timestamp="2022-10-14T12:06:54 IST">
  <testcase classname="Test.ZerodhaLoginPageTest" name="sinnup" time="0.0">
    <ignored/>
  </testcase> <!-- sinnup -->
  <testcase classname="Test.ZerodhaLoginPageTest" name="forgot" time="0.0">
    <ignored/>
  </testcase> <!-- forgot -->
</testsuite> <!-- Default test -->
