<?xml version="1.0" encoding="UTF-8"?>
<testng-results ignored="0" total="3" passed="2" failed="1" skipped="0">
  <reporter-output>
  </reporter-output>
  <suite started-at="2022-10-14T10:51:12 IST" name="Default suite" finished-at="2022-10-14T10:52:16 IST" duration-ms="64108">
    <groups>
    </groups>
    <test started-at="2022-10-14T10:51:12 IST" name="Default test" finished-at="2022-10-14T10:52:16 IST" duration-ms="64108">
      <class name="Test.ZerodhaLoginPageTest">
        <test-method is-config="true" signature="Openbrowser()[pri:0, instance:Test.ZerodhaLoginPageTest@243c4f91]" started-at="2022-10-14T10:51:12 IST" name="Openbrowser" finished-at="2022-10-14T10:51:33 IST" duration-ms="20786" status="PASS">
          <reporter-output>
          </reporter-output>
        </test-method> <!-- Openbrowser -->
        <test-method signature="forgot()[pri:0, instance:Test.ZerodhaLoginPageTest@243c4f91]" started-at="2022-10-14T10:51:33 IST" name="forgot" finished-at="2022-10-14T10:51:34 IST" duration-ms="808" status="PASS">
          <reporter-output>
          </reporter-output>
        </test-method> <!-- forgot -->
        <test-method is-config="true" signature="Openbrowser()[pri:0, instance:Test.ZerodhaLoginPageTest@243c4f91]" started-at="2022-10-14T10:51:34 IST" name="Openbrowser" finished-at="2022-10-14T10:51:53 IST" duration-ms="19227" status="PASS">
          <reporter-output>
          </reporter-output>
        </test-method> <!-- Openbrowser -->
        <test-method signature="sinnup()[pri:0, instance:Test.ZerodhaLoginPageTest@243c4f91]" started-at="2022-10-14T10:51:53 IST" name="sinnup" finished-at="2022-10-14T10:51:53 IST" duration-ms="160" status="PASS">
          <reporter-output>
          </reporter-output>
        </test-method> <!-- sinnup -->
        <test-method is-config="true" signature="Openbrowser()[pri:0, instance:Test.ZerodhaLoginPageTest@243c4f91]" started-at="2022-10-14T10:51:53 IST" name="Openbrowser" finished-at="2022-10-14T10:52:15 IST" duration-ms="21932" status="PASS">
          <reporter-output>
          </reporter-output>
        </test-method> <!-- Openbrowser -->
        <test-method signature="zerodhaloginPageWithValidCreditial()[pri:0, instance:Test.ZerodhaLoginPageTest@243c4f91]" started-at="2022-10-14T10:52:15 IST" name="zerodhaloginPageWithValidCreditial" finished-at="2022-10-14T10:52:16 IST" duration-ms="1016" status="FAIL">
          <exception class="org.testng.internal.thread.ThreadTimeoutException">
            <message>
              <![CDATA[Method Test.ZerodhaLoginPageTest.zerodhaloginPageWithValidCreditial() didn't finish within the time-out 1000]]>
            </message>
            <full-stacktrace>
              <![CDATA[org.testng.internal.thread.ThreadTimeoutException: Method Test.ZerodhaLoginPageTest.zerodhaloginPageWithValidCreditial() didn't finish within the time-out 1000
at org.testng.internal.MethodInvocationHelper.invokeWithTimeoutWithNewExecutor(MethodInvocationHelper.java:384)
at org.testng.internal.MethodInvocationHelper.invokeWithTimeout(MethodInvocationHelper.java:283)
at org.testng.internal.TestInvoker.invokeMethod(TestInvoker.java:604)
at org.testng.internal.TestInvoker.invokeTestMethod(TestInvoker.java:173)
at org.testng.internal.MethodRunner.runInSequence(MethodRunner.java:46)
at org.testng.internal.TestInvoker$MethodInvocationAgent.invoke(TestInvoker.java:824)
at org.testng.internal.TestInvoker.invokeTestMethods(TestInvoker.java:146)
at org.testng.internal.TestMethodWorker.invokeTestMethods(TestMethodWorker.java:146)
at org.testng.internal.TestMethodWorker.run(TestMethodWorker.java:128)
at java.base/java.util.ArrayList.forEach(ArrayList.java:1511)
at org.testng.TestRunner.privateRun(TestRunner.java:794)
at org.testng.TestRunner.run(TestRunner.java:596)
at org.testng.SuiteRunner.runTest(SuiteRunner.java:377)
at org.testng.SuiteRunner.runSequentially(SuiteRunner.java:371)
at org.testng.SuiteRunner.privateRun(SuiteRunner.java:332)
at org.testng.SuiteRunner.run(SuiteRunner.java:276)
at org.testng.SuiteRunnerWorker.runSuite(SuiteRunnerWorker.java:53)
at org.testng.SuiteRunnerWorker.run(SuiteRunnerWorker.java:96)
at org.testng.TestNG.runSuitesSequentially(TestNG.java:1212)
at org.testng.TestNG.runSuitesLocally(TestNG.java:1134)
at org.testng.TestNG.runSuites(TestNG.java:1063)
at org.testng.TestNG.run(TestNG.java:1031)
at org.testng.remote.AbstractRemoteTestNG.run(AbstractRemoteTestNG.java:115)
at org.testng.remote.RemoteTestNG.initAndRun(RemoteTestNG.java:251)
at org.testng.remote.RemoteTestNG.main(RemoteTestNG.java:77)
]]>
            </full-stacktrace>
          </exception> <!-- org.testng.internal.thread.ThreadTimeoutException -->
          <reporter-output>
          </reporter-output>
        </test-method> <!-- zerodhaloginPageWithValidCreditial -->
      </class> <!-- Test.ZerodhaLoginPageTest -->
    </test> <!-- Default test -->
  </suite> <!-- Default suite -->
</testng-results>
